{"time":"2026-06-13T21:37:45+02:00","top_cpu":"WmiPrvSE#1:49%, vmmemWSL:32%, Antigravity IDE#4:21%, Antigravity IDE#2:21%, com.docker.backend#1:10%","top_mem":"LM Studio:20335.7MB, Memory Compression:8605.2MB, vmmemWSL:4762.6MB, comet:1355.4MB, Antigravity IDE:852.8MB"}
{"time":"2026-06-17T22:03:18+02:00","top_cpu":"vmmemWSL:223%, MsMpEng:22%, System:17%, dwm:5%, com.docker.backend#1:5%","top_mem":"vmmemWSL:6977.1MB, Memory Compression:976.6MB, comet:804MB, SnippingTool:513.9MB, msedgewebview2:431MB"}
{"time":"2026-06-17T22:04:35+02:00","top_cpu":"services:40%, svchost#50:5%, svchost#22:5%, System:5%, Veeam.EndPoint.Service:5%","top_mem":"MsMpEng:267.9MB, Veeam.EndPoint.Service:138.2MB, LogonUI:134.3MB, dwm:89.7MB, powershell:82.5MB"}
{"time":"2026-06-17T22:05:42+02:00","top_cpu":"vmmemWSL:1118%, MsMpEng:142%, System:142%, SearchIndexer:102%, dllhost#2:68%","top_mem":"vmmemWSL:7194.4MB, WorkloadsSessionHost:525.5MB, MsMpEng:474.2MB, OneDrive:473.6MB, SnippingTool:454.7MB"}
{"time":"2026-06-20T13:06:10+02:00","top_cpu":"System:237%, chrome#5:52%, vmmemWSL:17%, Memory Compression:17%, dwm:11%","top_mem":"LM Studio:26861.9MB, Memory Compression:10208.1MB, LM Studio:6806.4MB, vmmemWSL:2231.7MB, OneDrive:433.1MB"}
{"time":"2026-06-20T13:07:10+02:00","top_cpu":"WmiPrvSE:11%, dwm:5%, svchost#33:5%, aida64:5%, System:5%","top_mem":"OneDrive:432.9MB, msedgewebview2:420.4MB, chrome:409.3MB, MsMpEng:357.9MB, powershell:301.3MB"}
{"time":"2026-06-20T13:08:10+02:00","top_cpu":"MsMpEng:46%, svchost#18:11%, aida64:5%, dwm:5%, WmiPrvSE:5%","top_mem":"OneDrive:432.9MB, msedgewebview2:420.4MB, chrome:408.9MB, MsMpEng:362.1MB, powershell:301.9MB"}
{"time":"2026-06-20T13:09:11+02:00","top_cpu":"chrome#5:28%, dwm:11%, svchost#18:5%, aida64:5%, WmiPrvSE#2:5%","top_mem":"OneDrive:432.9MB, msedgewebview2:421.5MB, chrome:409.4MB, MsMpEng:325.2MB, powershell:301.9MB"}
{"time":"2026-06-20T13:10:11+02:00","top_cpu":"dwm:11%","top_mem":"OneDrive:432.9MB, msedgewebview2:421.8MB, chrome:409.5MB, MsMpEng:360.3MB, powershell:301.9MB"}
{"time":"2026-06-20T13:11:12+02:00","top_cpu":"dwm:5%, WmiPrvSE#2:5%","top_mem":"OneDrive:432.9MB, msedgewebview2:421.7MB, chrome:408.6MB, MsMpEng:316MB, powershell:301.9MB"}
{"time":"2026-06-20T13:12:12+02:00","top_cpu":"svchost#22:64%, aida64:52%, chrome#5:23%, System:17%, WmiPrvSE#2:11%","top_mem":"OneDrive:432.9MB, msedgewebview2:421.7MB, chrome:408.6MB, MsMpEng:366.7MB, aida64:352MB"}
{"time":"2026-06-20T13:13:14+02:00","top_cpu":"svchost:35%, aida64:17%, System:11%, WmiPrvSE#2:5%","top_mem":"OneDrive:432.9MB, msedgewebview2:421.7MB, chrome:408.6MB, aida64:400.6MB, MsMpEng:341.8MB"}
{"time":"2026-06-20T13:14:17+02:00","top_cpu":"chrome#5:17%, dwm:11%, svchost#49:5%","top_mem":"OneDrive:432.9MB, msedgewebview2:421.7MB, chrome:408.6MB, aida64:394.8MB, MsMpEng:351.1MB"}
{"time":"2026-06-20T13:15:25+02:00","top_cpu":"powershell#2:131%, MsMpEng:57%, aida64:51%, dwm:45%, System:39%","top_mem":"OneDrive:434.3MB, msedgewebview2:421.7MB, chrome:408.7MB, MsMpEng:353.9MB, dwm:303.6MB"}
{"time":"2026-06-20T21:58:28+02:00","top_cpu":"System:262%, Veeam.EndPoint.Service:45%, svchost#42:45%, svchost#16:34%, svchost#19:34%","top_mem":"MsMpEng:331.5MB, powershell:298.7MB, Veeam.EndPoint.Service:145.7MB, Memory Compression:106.3MB, dwm:104MB"}
{"time":"2026-06-20T21:59:29+02:00","top_cpu":"EACefSubProcess#3:140%, SearchIndexer:99%, MsMpEng:81%, steamwebhelper:81%, StartMenuExperienceHost:64%","top_mem":"OneDrive:473.9MB, MsMpEng:461.4MB, EADesktop:439.8MB, explorer:371.5MB, LM Studio:309.9MB"}
{"time":"2026-06-21T10:51:38+02:00","top_cpu":"language_server_windows_x64:361%, vmmemWSL:47%, Antigravity IDE#4:42%, MsMpEng:26%, Antigravity IDE#2:15%","top_mem":"Memory Compression:9946.5MB, LM Studio:5066.4MB, vmmemWSL:4819.8MB, LM Studio:3435.1MB, language_server_windows_x64:1854.1MB"}
{"time":"2026-06-21T22:22:22+02:00","top_cpu":"comet#2:11%, WmiPrvSE#1:11%, dwm:5%","top_mem":"Memory Compression:8389.2MB, LM Studio:5069.1MB, LM Studio:3440MB, comet:550.9MB, msedgewebview2:438.6MB"}
{"time":"2026-06-21T22:23:23+02:00","top_cpu":"comet:11%, comet#2:5%, comet#12:5%, dwm:5%, SamsungMagician#3:5%","top_mem":"Memory Compression:8388.4MB, LM Studio:5069.2MB, LM Studio:3440MB, comet:608MB, Antigravity IDE:464.2MB"}
{"time":"2026-06-21T22:24:23+02:00","top_cpu":"chrome#5:27%, SamsungMagician:11%, dwm:11%, System:11%, LM Studio:11%","top_mem":"Memory Compression:8387.6MB, LM Studio:5069.1MB, LM Studio:3440.1MB, vmmemWSL:1302.8MB, comet:604.1MB"}
{"time":"2026-06-21T22:25:24+02:00","top_cpu":"comet#12:28%, WmiPrvSE#1:11%, MsMpEng:5%, comet:5%, SamsungMagician#3:5%","top_mem":"Memory Compression:8388.7MB, LM Studio:5069.1MB, LM Studio:3440.1MB, vmmemWSL:1397.1MB, comet:612.8MB"}
{"time":"2026-06-21T22:26:25+02:00","top_cpu":"chrome#5:33%, WmiPrvSE#1:16%, focalFpSrvcDeamon:5%, dwm:5%, EABackgroundService:5%","top_mem":"Memory Compression:8393.2MB, LM Studio:5069MB, LM Studio:3440MB, vmmemWSL:1373.5MB, msedgewebview2:438.5MB"}
{"time":"2026-06-21T22:27:25+02:00","top_cpu":"dwm:16%, comet:10%, SamsungMagician:5%, comet#12:5%, WmiPrvSE#1:5%","top_mem":"Memory Compression:8388.7MB, LM Studio:5069MB, LM Studio:3440MB, vmmemWSL:1372.5MB, comet:459.3MB"}
{"time":"2026-06-21T22:28:26+02:00","top_cpu":"WmiPrvSE#1:11%, MsMpEng:11%, dwm:5%, explorer:5%, comet:5%","top_mem":"Memory Compression:8383.8MB, LM Studio:5069MB, LM Studio:3440MB, vmmemWSL:2096.2MB, msedgewebview2:438.5MB"}
{"time":"2026-06-21T22:29:26+02:00","top_cpu":"dwm:16%, vmmemWSL:5%, csrss#1:5%, WmiPrvSE#1:5%, atieclxx:5%","top_mem":"Memory Compression:8384.6MB, LM Studio:5069.1MB, LM Studio:3440.1MB, vmmemWSL:2096.1MB, comet:476.1MB"}
{"time":"2026-06-21T22:30:27+02:00","top_cpu":"chrome#5:21%, System:16%, comet#18:10%, WmiPrvSE#1:10%, dwm:10%","top_mem":"Memory Compression:8377.5MB, LM Studio:5069.1MB, LM Studio:3440.1MB, vmmemWSL:2096.6MB, comet:579.7MB"}
{"time":"2026-06-21T22:31:27+02:00","top_cpu":"dwm:16%, explorer:5%, WmiPrvSE#1:5%, SamsungMagician:5%, System:5%","top_mem":"Memory Compression:8378.2MB, LM Studio:5069MB, LM Studio:3440MB, vmmemWSL:2107.1MB, comet:526.2MB"}
{"time":"2026-06-21T22:32:28+02:00","top_cpu":"comet#17:110%, comet:99%, Veeam.Endpoint.Tray:16%, WmiPrvSE#1:11%, comet#12:11%","top_mem":"Memory Compression:8375.5MB, LM Studio:5069MB, LM Studio:3440MB, vmmemWSL:2257.6MB, comet:657.7MB"}
{"time":"2026-06-21T22:33:28+02:00","top_cpu":"WmiPrvSE#1:5%, dwm:5%, System:5%, RadeonSoftware:5%, SamsungMagician#3:5%","top_mem":"Memory Compression:8369.8MB, LM Studio:5069MB, LM Studio:3440MB, vmmemWSL:2207.2MB, comet:578.9MB"}
{"time":"2026-06-21T22:34:28+02:00","top_cpu":"Memory Compression:22%, MsMpEng:16%, System:11%, WmiPrvSE#1:5%, WmiPrvSE:5%","top_mem":"Memory Compression:8368.6MB, LM Studio:5069MB, LM Studio:3440MB, vmmemWSL:2253.3MB, comet:705.6MB"}
{"time":"2026-06-21T22:35:29+02:00","top_cpu":"powershell#9:96%, WmiPrvSE#1:11%, System:11%, Memory Compression:5%, dwm:5%","top_mem":"Memory Compression:8368.5MB, LM Studio:5069MB, LM Studio:3440MB, vmmemWSL:1437.4MB, comet:652MB"}
{"time":"2026-06-21T22:36:29+02:00","top_cpu":"powershell#9:102%, vmmemWSL:85%, System:28%, WindowsTerminal:17%, wsl#1:5%","top_mem":"Memory Compression:8368.8MB, LM Studio:5069MB, LM Studio:3440MB, vmmemWSL:3047.6MB, comet:628.6MB"}
{"time":"2026-06-21T22:37:30+02:00","top_cpu":"MsMpEng:91%, powershell#9:16%, comet#3:10%, WmiPrvSE#1:10%, System:10%","top_mem":"vmmemWSL:9264.6MB, Memory Compression:8366.4MB, LM Studio:5069MB, LM Studio:3440MB, comet:1474.9MB"}
{"time":"2026-06-21T22:38:30+02:00","top_cpu":"comet#12:51%, comet#2:34%, comet:11%, WmiPrvSE#1:11%, vmmemWSL:5%","top_mem":"Memory Compression:10083.6MB, LM Studio:5069MB, LM Studio:3440MB, vmmemWSL:3146.5MB, comet:939.2MB"}
{"time":"2026-06-21T22:39:31+02:00","top_cpu":"comet#2:17%, comet#12:11%, vmmemWSL:5%, dwm:5%, System:5%","top_mem":"Memory Compression:8367MB, LM Studio:5069.2MB, LM Studio:3440.1MB, vmmemWSL:3059.8MB, comet:840.6MB"}
{"time":"2026-06-21T22:40:31+02:00","top_cpu":"RuntimeBroker#4:152%, svchost#26:101%, svchost#37:56%, Memory Compression:45%, svchost#67:39%","top_mem":"Memory Compression:8367.1MB, LM Studio:5069.2MB, LM Studio:3440MB, vmmemWSL:3075MB, comet:830.3MB"}
{"time":"2026-06-21T22:41:33+02:00","top_cpu":"comet#12:104%, explorer:10%, dwm:10%, Memory Compression:10%, AMDRSServ:10%","top_mem":"Memory Compression:8367.7MB, LM Studio:5069.2MB, LM Studio:3440MB, vmmemWSL:3003.6MB, comet:838.6MB"}
{"time":"2026-06-21T22:42:33+02:00","top_cpu":"WmiPrvSE#1:11%, System:11%","top_mem":"Memory Compression:8367.9MB, LM Studio:5069.2MB, LM Studio:3440MB, vmmemWSL:3158.4MB, comet:801.3MB"}
{"time":"2026-06-21T22:43:34+02:00","top_cpu":"WmiPrvSE#1:11%, comet#12:11%, comet:5%, dwm:5%, Antigravity IDE#10:5%","top_mem":"Memory Compression:8368MB, LM Studio:5069.2MB, LM Studio:3440MB, vmmemWSL:3157.3MB, comet:751.9MB"}
{"time":"2026-06-21T22:44:34+02:00","top_cpu":"System:16%, comet#12:11%, dwm:5%, WmiPrvSE#1:5%, comet#2:5%","top_mem":"Memory Compression:8366.5MB, LM Studio:5069.2MB, LM Studio:3440MB, vmmemWSL:3158.6MB, SnippingTool:645MB"}
{"time":"2026-06-21T22:45:35+02:00","top_cpu":"comet:17%, WmiPrvSE#1:5%, comet#2:5%, SamsungMagician:5%, SamsungMagician#3:5%","top_mem":"Memory Compression:8367.9MB, LM Studio:5068.4MB, LM Studio:3440MB, vmmemWSL:3159.5MB, comet:780.3MB"}
{"time":"2026-06-21T22:46:35+02:00","top_cpu":"comet#2:11%, System:11%, dwm:5%, SnippingTool:5%, WmiPrvSE#1:5%","top_mem":"Memory Compression:8368.5MB, LM Studio:5068.4MB, LM Studio:3440.3MB, vmmemWSL:3158.9MB, comet:1507.7MB"}
{"time":"2026-06-21T22:47:35+02:00","top_cpu":"System:22%, comet#12:11%, comet#2:11%, Veeam.EndPoint.Service:11%, dwm:5%","top_mem":"Memory Compression:8369.3MB, LM Studio:5068.5MB, LM Studio:3440.4MB, vmmemWSL:3157.6MB, comet:715.9MB"}
{"time":"2026-06-21T22:48:36+02:00","top_cpu":"comet#12:28%, System:28%, comet#2:17%, dwm:5%, WmiPrvSE#1:5%","top_mem":"Memory Compression:8370.6MB, LM Studio:5068.5MB, LM Studio:3440.4MB, vmmemWSL:3161.6MB, comet:821.7MB"}
{"time":"2026-06-21T22:49:36+02:00","top_cpu":"dwm:11%, comet#12:11%, chrome#5:11%, comet:11%, explorer:5%","top_mem":"Memory Compression:8369.1MB, LM Studio:5068.6MB, LM Studio:3440.4MB, vmmemWSL:3162.2MB, SnippingTool:673.7MB"}
{"time":"2026-06-21T22:50:37+02:00","top_cpu":"comet#12:27%, WmiPrvSE#1:11%, ctfmon:5%, System:5%, comet:5%","top_mem":"Memory Compression:8380MB, LM Studio:5068.6MB, LM Studio:3439.3MB, vmmemWSL:3161.6MB, comet:852.2MB"}
{"time":"2026-06-21T22:51:37+02:00","top_cpu":"WmiPrvSE#1:11%, dwm:5%, RadeonSoftware:5%","top_mem":"Memory Compression:8382.6MB, LM Studio:5068.5MB, LM Studio:3439.3MB, vmmemWSL:3163.8MB, SnippingTool:720.9MB"}
{"time":"2026-06-21T22:52:38+02:00","top_cpu":"WmiPrvSE#1:11%, dwm:5%, SamsungMagician#3:5%","top_mem":"Memory Compression:8380.3MB, LM Studio:5068.5MB, LM Studio:3439.3MB, vmmemWSL:3165.3MB, SnippingTool:720.7MB"}
{"time":"2026-06-21T22:53:38+02:00","top_cpu":"WmiPrvSE#1:10%, MsMpEng:5%, WindowsTerminal:5%","top_mem":"Memory Compression:8380.6MB, LM Studio:5068.5MB, LM Studio:3439.3MB, vmmemWSL:3209.2MB, SnippingTool:720.7MB"}
{"time":"2026-06-21T22:54:39+02:00","top_cpu":"vmmemWSL:100%, vmwp:5%, wslservice:5%, WmiPrvSE#1:5%, System:5%","top_mem":"Memory Compression:8380.8MB, vmmemWSL:7476.7MB, LM Studio:5068.5MB, LM Studio:3439.3MB, SnippingTool:720.7MB"}
{"time":"2026-06-21T22:55:39+02:00","top_cpu":"dwm:11%, WmiPrvSE#1:5%, MsMpEng:5%, WindowsTerminal:5%, SamsungMagician#3:5%","top_mem":"Memory Compression:8594MB, LM Studio:5068MB, LM Studio:3439.2MB, vmmemWSL:2808.4MB, SnippingTool:720.7MB"}
{"time":"2026-06-21T22:56:40+02:00","top_cpu":"vmmemWSL:74%, dwm:11%, System:5%, WmiPrvSE#1:5%","top_mem":"Memory Compression:8437MB, vmmemWSL:5077.8MB, LM Studio:5068MB, LM Studio:3439.2MB, SnippingTool:720.7MB"}
{"time":"2026-06-21T22:57:41+02:00","top_cpu":"Memory Compression:60%, chrome#5:49%, vmmemWSL:33%, System:27%, comet#2:22%","top_mem":"Memory Compression:8437.1MB, vmmemWSL:5749.3MB, LM Studio:5068MB, LM Studio:3439.3MB, comet:827.5MB"}
{"time":"2026-06-21T22:58:41+02:00","top_cpu":"chrome#5:11%, System:11%, vmmemWSL:5%, dwm:5%, SamsungMagician#3:5%","top_mem":"Memory Compression:8438.4MB, LM Studio:5068MB, LM Studio:3439.3MB, vmmemWSL:2997.2MB, SnippingTool:720.6MB"}
{"time":"2026-06-21T22:59:42+02:00","top_cpu":"comet#12:34%, lsass:5%, dwm:5%, WmiPrvSE#1:5%","top_mem":"Memory Compression:8439.5MB, LM Studio:5068.1MB, LM Studio:3439.3MB, vmmemWSL:2989.3MB, SnippingTool:720.2MB"}
{"time":"2026-06-21T23:00:42+02:00","top_cpu":"chrome#5:33%, comet#12:16%, dwm:16%, System:11%, comet#2:11%","top_mem":"Memory Compression:8445MB, LM Studio:5068MB, LM Studio:3439.2MB, vmmemWSL:2518.4MB, SnippingTool:705.6MB"}
{"time":"2026-06-21T23:01:43+02:00","top_cpu":"comet#12:11%, WmiPrvSE#1:11%, RadeonSoftware:5%","top_mem":"Memory Compression:8444.6MB, LM Studio:5068MB, LM Studio:3439.2MB, vmmemWSL:2513.9MB, comet:751.4MB"}
{"time":"2026-06-21T23:02:43+02:00","top_cpu":"comet#12:5%, dwm:5%, language_server_windows_x64:5%, SamsungMagician#3:5%, System:5%","top_mem":"Memory Compression:8437.1MB, LM Studio:5068MB, LM Studio:3439.2MB, vmmemWSL:2517.2MB, SnippingTool:705MB"}
{"time":"2026-06-21T23:03:44+02:00","top_cpu":"System:16%, comet#12:5%, dwm:5%, SamsungMagicianSVC:5%, WmiPrvSE#1:5%","top_mem":"Memory Compression:8437.1MB, LM Studio:5068MB, LM Studio:3439.2MB, vmmemWSL:2513.2MB, comet:712.9MB"}
{"time":"2026-06-21T23:04:44+02:00","top_cpu":"comet#12:124%, comet#2:17%, System:11%, dwm:5%, MsMpEng:5%","top_mem":"Memory Compression:8437.6MB, LM Studio:5068MB, LM Studio:3439.2MB, vmmemWSL:2523.1MB, comet:755.3MB"}
{"time":"2026-06-21T23:05:44+02:00","top_cpu":"sihost:28%, MsMpEng:17%, Veeam.EndPoint.Service:11%, dwm:5%, svchost#22:5%","top_mem":"Memory Compression:8428.7MB, LM Studio:5067.9MB, LM Studio:3439.2MB, vmmemWSL:2466.3MB, SnippingTool:588.2MB"}
{"time":"2026-06-21T23:06:45+02:00","top_cpu":"powershell#10:90%, WmiPrvSE#1:11%, System:11%, svchost#86:5%","top_mem":"Memory Compression:8425.1MB, LM Studio:5067.9MB, LM Studio:3439.2MB, vmmemWSL:2466.4MB, SnippingTool:588.3MB"}
{"time":"2026-06-21T23:07:45+02:00","top_cpu":"powershell#10:94%, vmmemWSL:5%, powershell#6:5%, MsMpEng:5%, WmiPrvSE#1:5%","top_mem":"Memory Compression:8422.3MB, LM Studio:5067.9MB, LM Studio:3439.2MB, vmmemWSL:2464.7MB, SnippingTool:588.3MB"}
{"time":"2026-06-21T23:08:46+02:00","top_cpu":"comet#12:11%, WmiPrvSE#1:11%, dwm:5%","top_mem":"Memory Compression:8422.3MB, LM Studio:5068MB, LM Studio:3439.2MB, vmmemWSL:2465.6MB, SnippingTool:588.2MB"}
{"time":"2026-06-21T23:09:46+02:00","top_cpu":"System:39%, chrome#5:39%, comet:11%, dwm:11%, EABackgroundService:11%","top_mem":"Memory Compression:8422.3MB, LM Studio:5068MB, LM Studio:3439.2MB, vmmemWSL:2465.1MB, comet:669.9MB"}
{"time":"2026-06-21T23:10:47+02:00","top_cpu":"chrome#5:65%, System:27%, comet:21%, comet#2:16%, WmiPrvSE#1:16%","top_mem":"Memory Compression:8423.8MB, LM Studio:5066.9MB, LM Studio:3439.2MB, vmmemWSL:2245.6MB, comet:608.8MB"}
{"time":"2026-06-21T23:11:47+02:00","top_cpu":"comet#2:11%, dwm:5%, WmiPrvSE#1:5%","top_mem":"Memory Compression:8423MB, LM Studio:5066.9MB, LM Studio:3439.2MB, vmmemWSL:2246.9MB, comet:608.8MB"}
{"time":"2026-06-21T23:12:48+02:00","top_cpu":"WmiPrvSE#1:11%, dwm:5%, comet#12:5%","top_mem":"Memory Compression:8422.7MB, LM Studio:5066.9MB, LM Studio:3439.2MB, vmmemWSL:2246.2MB, comet:564.2MB"}
{"time":"2026-06-21T23:13:49+02:00","top_cpu":"vmmemWSL:22%, WmiPrvSE#1:11%, System:5%, csrss#1:5%","top_mem":"Memory Compression:8422.8MB, LM Studio:5066.9MB, LM Studio:3439.2MB, vmmemWSL:2246.8MB, comet:564.3MB"}
{"time":"2026-06-21T23:14:49+02:00","top_cpu":"MsMpEng:16%, WmiPrvSE#1:11%, dwm:5%, comet#12:5%, RadeonSoftware:5%","top_mem":"Memory Compression:8422.6MB, LM Studio:5066.9MB, LM Studio:3439.2MB, vmmemWSL:2250.7MB, comet:564.2MB"}
{"time":"2026-06-21T23:15:50+02:00","top_cpu":"chrome#5:50%, System:33%, comet#2:11%, LM Studio:11%, Notepad:11%","top_mem":"Memory Compression:8423MB, LM Studio:5066.8MB, LM Studio:3439.2MB, vmmemWSL:2249.4MB, comet:534.4MB"}
{"time":"2026-06-21T23:16:50+02:00","top_cpu":"WmiPrvSE#1:16%, dwm:5%, Antigravity IDE:5%, System:5%","top_mem":"Memory Compression:8423.3MB, LM Studio:5066.9MB, LM Studio:3439.2MB, vmmemWSL:2250MB, comet:591.1MB"}
{"time":"2026-06-21T23:17:51+02:00","top_cpu":"dwm:11%, svchost#19:5%, WmiPrvSE#1:5%, comet#11:5%","top_mem":"Memory Compression:8422MB, LM Studio:5066.9MB, LM Studio:3439.2MB, vmmemWSL:2251.5MB, comet:625.5MB"}
{"time":"2026-06-21T23:18:51+02:00","top_cpu":"comet#12:22%, comet#2:22%, dwm:11%, csrss#1:5%, RadeonSoftware:5%","top_mem":"Memory Compression:8422.3MB, LM Studio:5066.9MB, LM Studio:3439.2MB, vmmemWSL:2278.3MB, comet:626.5MB"}
{"time":"2026-06-21T23:19:52+02:00","top_cpu":"System:11%, WmiPrvSE#1:5%, chrome#5:5%, SearchIndexer:5%, SamsungMagicianSVC:5%","top_mem":"Memory Compression:8422.4MB, LM Studio:5067MB, LM Studio:3439.2MB, vmmemWSL:2278.2MB, comet:711.9MB"}
{"time":"2026-06-21T23:22:53+02:00","top_cpu":"Antigravity IDE#11:92%, vmmemWSL:76%, OneDrive:71%, dllhost#1:38%, svchost#22:38%","top_mem":"vmmemWSL:12050.6MB, Memory Compression:8497.8MB, LM Studio:5066.8MB, LM Studio:3438.1MB, Antigravity IDE:631.5MB"}
{"time":"2026-07-03T20:35:46+02:00","top_cpu":"svchost#77:127663%, vmmemWSL:384%, System:116%, svchost#47:93%, dwm:29%","top_mem":"vmmemWSL:14091.7MB, Memory Compression:474.9MB, MsMpEng:436.1MB, powershell:335.9MB, Veeam.EndPoint.Service:150.5MB"}
{"time":"2026-07-04T10:37:05+02:00","top_cpu":"svchost#45:64%, MsMpEng:58%, EADesktop:40%, steamwebhelper#2:29%, services:29%","top_mem":"MsMpEng:503.6MB, OneDrive:352.2MB, powershell:336.6MB, steamwebhelper:275.4MB, explorer:260MB"}
