[2026-06-09 20:46:57] [ERROR] [Service Control Manager] The Cryptographic Services service terminated unexpectedly.  It has done this 1 time(s).  The following corrective action will be taken in 60000 milliseconds: Restart the service.
[2026-06-09 20:46:54] [ERROR] [Application Error] Faulting application name: svchost.exe_CryptSvc, version: 10.0.26100.7705, time stamp: 0x97e43917 Faulting module name: bcrypt.dll, version: 10.0.26100.8246, time stamp: 0xc45a880d Exception code: 0xc0000005 Fault offset: 0x000000000000d644 Faulting process id: 0x1630 Faulting application start time: 0x1DCF286B65FE858 Faulting application path: C:\windows\system32\svchost.exe Faulting module path: c:\windows\system32\bcrypt.dll Report Id: 6717c14d-b68e-493d-8393-a949b6a3e2ef Faulting package full name:  Faulting package-relative application ID: 
[2026-06-09 20:16:28] [WARNING] [Microsoft-Windows-DistributedCOM] The application-specific permission settings do not grant Local Activation permission for the COM Server application with CLSID  {2593F8B9-4EAF-457C-B68A-50F6B8EA6B54}  and APPID  {15C20B67-12E7-4BB6-92BB-7AFF07997402}  to the user A9_MEGA\Carlos SID (S-1-5-21-1362089751-1424623887-115741090-1001) from address LocalHost (Using LRPC) running in the application container Unavailable SID (Unavailable). This security permission can be modified using the Component Services administrative tool.
[2026-06-09 20:09:51] [WARNING] [Microsoft-Windows-DistributedCOM] The application-specific permission settings do not grant Local Activation permission for the COM Server application with CLSID  {2593F8B9-4EAF-457C-B68A-50F6B8EA6B54}  and APPID  {15C20B67-12E7-4BB6-92BB-7AFF07997402}  to the user A9_MEGA\Carlos SID (S-1-5-21-1362089751-1424623887-115741090-1001) from address LocalHost (Using LRPC) running in the application container Unavailable SID (Unavailable). This security permission can be modified using the Component Services administrative tool.
[2026-06-09 04:45:05] [WARNING] [Tcpip] A request to allocate an ephemeral port number from the global TCP port space has failed due to all such ports being in use.
[2026-06-08 21:56:59] [WARNING] [Microsoft-Windows-DistributedCOM] The application-specific permission settings do not grant Local Activation permission for the COM Server application with CLSID  {2593F8B9-4EAF-457C-B68A-50F6B8EA6B54}  and APPID  {15C20B67-12E7-4BB6-92BB-7AFF07997402}  to the user A9_MEGA\Carlos SID (S-1-5-21-1362089751-1424623887-115741090-1001) from address LocalHost (Using LRPC) running in the application container Unavailable SID (Unavailable). This security permission can be modified using the Component Services administrative tool.
[2026-06-10 15:52:27] [WARNING] [Microsoft-Windows-DistributedCOM] The application-specific permission settings do not grant Local Activation permission for the COM Server application with CLSID  {9EA82395-E31B-41CA-8DF7-EC1CEE7194DF}  and APPID  {2ED83BAA-B2FD-43B1-99BF-E6149C622692}  to the user NT AUTHORITY\NETWORK SERVICE SID (S-1-5-20) from address LocalHost (Using LRPC) running in the application container Unavailable SID (Unavailable). This security permission can be modified using the Component Services administrative tool.
[2026-06-10 15:51:57] [WARNING] [Microsoft-Windows-Kernel-PnP] The driver \Driver\WUDFRd failed to load. Device: USB\VID_2808&PID_5955\6&183efd69&0&4 Status: 0xC0000365
[2026-06-10 15:51:54] [ERROR] [Application Popup] No message string available.
[2026-06-10 15:51:53] [ERROR] [Microsoft-Windows-Kernel-Boot] The virtualization-based security enablement policy check at phase 3 failed with status: Secure Boot is not enabled on this machine.
[2026-06-10 15:51:53] [WARNING] [Microsoft-Windows-Kernel-Boot] Virtualization-based security (policies: Secure Boot,Iommu Protection,Mmio Nx,Strong MSR Filtering,Boot Chain Signer Soft Enforced,Measured Launch) is disabled due to secure boot being disabled with status: The request is not supported.
[2026-06-10 15:51:41] [ERROR] [Microsoft-Windows-DistributedCOM] The server {B91D5831-B1BD-4608-8198-D72E155020F7} did not register with DCOM within the required timeout.
[2026-06-10 15:51:35] [ERROR] [VSS] Volume Shadow Copy Service error: Unexpected error calling routine CoCreateInstance.  hr = 0x8007045b, A system shutdown is in progress. . 
[2026-06-10 15:51:35] [ERROR] [VSS] Volume Shadow Copy Service information: The COM Server with CLSID {4e14fba2-2e22-11d1-9964-00c04fbbb345} and name CEventSystem cannot be started. [0x8007045b, A system shutdown is in progress. ] 
[2026-06-10 15:51:35] [ERROR] [nssm] Unable to connect to service manager! Perhaps you need to be an administrator...
[2026-06-10 15:51:35] [WARNING] [nssm] Service GeekomBot ran for less than 1500 milliseconds. Restart will be delayed by 5000 milliseconds.
[2026-06-10 15:51:33] [WARNING] [Microsoft-Windows-Winlogon] The winlogon notification subscriber <TrustedInstaller> failed a critical notification event.
[2026-06-10 15:51:11] [ERROR] [Service Control Manager] The Update Orchestrator Service service terminated with the following error:  %%2149884192
[2026-06-10 15:50:52] [WARNING] [Microsoft-Windows-Kernel-PnP] The driver \Driver\WUDFRd failed to load. Device: USB\VID_2808&PID_5955\6&183efd69&0&4 Status: 0xC0000365
[2026-06-10 15:50:49] [ERROR] [Application Popup] No message string available.
[2026-06-10 15:50:48] [ERROR] [Microsoft-Windows-Kernel-Boot] The virtualization-based security enablement policy check at phase 3 failed with status: Secure Boot is not enabled on this machine.
[2026-06-10 15:50:48] [WARNING] [Microsoft-Windows-Kernel-Boot] Virtualization-based security (policies: Secure Boot,Iommu Protection,Mmio Nx,Strong MSR Filtering,Boot Chain Signer Soft Enforced,Measured Launch) is disabled due to secure boot being disabled with status: The request is not supported.
[2026-06-10 15:49:57] [WARNING] [Microsoft-Windows-Kernel-PnP] The driver \Driver\WUDFRd failed to load. Device: USB\VID_2808&PID_5955\6&183efd69&0&4 Status: 0xC0000365
[2026-06-10 15:49:54] [CRITICAL] [Microsoft-Windows-Kernel-Power] The system has rebooted without cleanly shutting down first. This error could be caused if the system stopped responding, crashed, or lost power unexpectedly.
[2026-06-10 15:49:53] [ERROR] [Application Popup] No message string available.
[2026-06-10 15:50:58] [ERROR] [EventLog] The previous system shutdown at 3:48:27 PM on ?6/?10/?2026 was unexpected.
[2026-06-10 15:49:52] [ERROR] [Microsoft-Windows-Kernel-Boot] The virtualization-based security enablement policy check at phase 3 failed with status: Secure Boot is not enabled on this machine.
[2026-06-10 15:49:52] [WARNING] [Microsoft-Windows-Kernel-Boot] Virtualization-based security (policies: Secure Boot,Iommu Protection,Mmio Nx,Strong MSR Filtering,Boot Chain Signer Soft Enforced,Measured Launch) is disabled due to secure boot being disabled with status: The request is not supported.
[2026-06-10 15:54:06] [WARNING] [Microsoft-Windows-DistributedCOM] The application-specific permission settings do not grant Local Launch permission for the COM Server application with CLSID  Windows.SecurityCenter.WscDataProtection  and APPID  Unavailable  to the user NT AUTHORITY\SYSTEM SID (S-1-5-18) from address LocalHost (Using LRPC) running in the application container Unavailable SID (Unavailable). This security permission can be modified using the Component Services administrative tool.
[2026-06-10 15:52:27] [WARNING] [Microsoft-Windows-DistributedCOM] The application-specific permission settings do not grant Local Activation permission for the COM Server application with CLSID  {9EA82395-E31B-41CA-8DF7-EC1CEE7194DF}  and APPID  {2ED83BAA-B2FD-43B1-99BF-E6149C622692}  to the user NT AUTHORITY\NETWORK SERVICE SID (S-1-5-20) from address LocalHost (Using LRPC) running in the application container Unavailable SID (Unavailable). This security permission can be modified using the Component Services administrative tool.
[2026-06-11 17:12:45] [WARNING] [Microsoft-Windows-DistributedCOM] The application-specific permission settings do not grant Local Activation permission for the COM Server application with CLSID  {6B3B8D23-FA8D-40B9-8DBD-B950333E2C52}  and APPID  {4839DDB7-58C2-48F5-8283-E1D1807D0D7D}  to the user NT AUTHORITY\LOCAL SERVICE SID (S-1-5-19) from address LocalHost (Using LRPC) running in the application container Unavailable SID (Unavailable). This security permission can be modified using the Component Services administrative tool.
[2026-06-11 17:12:45] [WARNING] [Microsoft-Windows-DistributedCOM] The application-specific permission settings do not grant Local Activation permission for the COM Server application with CLSID  {6B3B8D23-FA8D-40B9-8DBD-B950333E2C52}  and APPID  {4839DDB7-58C2-48F5-8283-E1D1807D0D7D}  to the user NT AUTHORITY\LOCAL SERVICE SID (S-1-5-19) from address LocalHost (Using LRPC) running in the application container Unavailable SID (Unavailable). This security permission can be modified using the Component Services administrative tool.
[2026-06-11 18:17:55] [ERROR] [Service Control Manager] The Connected User Experiences and Telemetry service failed to start due to the following error:  The service did not respond to the start or control request in a timely fashion.
[2026-06-11 18:17:55] [ERROR] [Service Control Manager] A timeout was reached (90000 milliseconds) while waiting for the Connected User Experiences and Telemetry service to connect.
[2026-06-11 18:17:50] [WARNING] [windows_exporter] source=collect.go:220 msg="collector service failed after 3.0314774s, resulting in 0 metrics" err="failed to query all services: Not enough memory resources are available to complete this operation."
[2026-06-11 18:17:47] [ERROR] [Microsoft-Windows-FilterManager] Filter Manager failed to attach to volume '\Device\Harddisk1\DR1'.  This volume will be unavailable for filtering until a reboot.  The final status was 0xC000009A.
[2026-06-11 18:17:42] [WARNING] [windows_exporter] source=collect.go:220 msg="collector net failed after 2.0176435s, resulting in 195 metrics" err="failed collecting net addresses: getadaptersaddresses: Not enough memory resources are available to process this command."
[2026-06-11 18:17:41] [WARNING] [windows_exporter] source=collect.go:220 msg="collector service failed after 2.0155133s, resulting in 0 metrics" err="failed to query all services: Not enough memory resources are available to complete this operation."
[2026-06-11 18:17:40] [ERROR] [Microsoft-Windows-FilterManager] Filter Manager failed to attach to volume '\Device\Harddisk1\DR1'.  This volume will be unavailable for filtering until a reboot.  The final status was 0xC000009A.
[2026-06-11 18:17:40] [ERROR] [Microsoft-Windows-FilterManager] Filter Manager failed to attach to volume '\Device\Harddisk1\DR1'.  This volume will be unavailable for filtering until a reboot.  The final status was 0xC000009A.
[2026-06-11 18:17:39] [ERROR] [Microsoft-Windows-FilterManager] Filter Manager failed to attach to volume '\Device\Harddisk1\DR1'.  This volume will be unavailable for filtering until a reboot.  The final status was 0xC0000017.
[2026-06-11 18:17:39] [ERROR] [Microsoft-Windows-FilterManager] Filter Manager failed to attach to volume '\Device\Harddisk1\DR1'.  This volume will be unavailable for filtering until a reboot.  The final status was 0xC0000017.
[2026-06-11 18:17:38] [ERROR] [Microsoft-Windows-FilterManager] Filter Manager failed to attach to volume '\Device\Harddisk1\DR1'.  This volume will be unavailable for filtering until a reboot.  The final status was 0xC0000017.
[2026-06-11 18:17:37] [ERROR] [Microsoft-Windows-FilterManager] Filter Manager failed to attach to volume '\Device\Harddisk1\DR1'.  This volume will be unavailable for filtering until a reboot.  The final status was 0xC000009A.
[2026-06-11 18:17:37] [ERROR] [Microsoft-Windows-FilterManager] Filter Manager failed to attach to volume '\Device\Harddisk1\DR1'.  This volume will be unavailable for filtering until a reboot.  The final status was 0xC000009A.
[2026-06-11 18:17:37] [ERROR] [Microsoft-Windows-FilterManager] Filter Manager failed to attach to volume '\Device\Harddisk1\DR1'.  This volume will be unavailable for filtering until a reboot.  The final status was 0xC000009A.
[2026-06-11 18:17:22] [ERROR] [Service Control Manager] The Connected User Experiences and Telemetry service terminated unexpectedly.  It has done this 2 time(s).  The following corrective action will be taken in 30000 milliseconds: Restart the service.
[2026-06-11 18:16:18] [WARNING] [windows_exporter] source=collect.go:220 msg="collector service failed after 1.0054511s, resulting in 0 metrics" err="failed to query all services: Not enough memory resources are available to complete this operation."
[2026-06-11 18:15:40] [WARNING] [Microsoft-Windows-Resource-Exhaustion-Detector] Windows successfully diagnosed a low virtual memory condition. The following programs consumed the most virtual memory: node.exe (14084) consumed 68126326784 bytes, LM Studio.exe (7640) consumed 45193613312 bytes, and vmmemWSL (31652) consumed 10579386368 bytes.
[2026-06-11 18:15:07] [ERROR] [Service Control Manager] The Connected User Experiences and Telemetry service terminated unexpectedly.  It has done this 1 time(s).  The following corrective action will be taken in 30000 milliseconds: Restart the service.
[2026-06-11 18:15:05] [ERROR] [Application Error] Faulting application name: svchost.exe_DiagTrack, version: 10.0.26100.8521, time stamp: 0x6588a4b7 Faulting module name: diagtrack.dll, version: 10.0.26100.8521, time stamp: 0xb39fd06f Exception code: 0xc0000409 Fault offset: 0x00000000001cc320 Faulting process id: 0x16AC Faulting application start time: 0x1DCF8E0514DFC50 Faulting application path: C:\windows\System32\svchost.exe Faulting module path: c:\windows\system32\diagtrack.dll Report Id: 896af493-a6e5-43d1-b41b-87a3739668bc Faulting package full name:  Faulting package-relative application ID: 
[2026-06-11 18:15:05] [ERROR] [Application Error] Faulting application name: EALocalHostSvc.exe, version: 13.725.0.6238, time stamp: 0x6a26ffd0 Faulting module name: ntdll.dll, version: 10.0.26100.8521, time stamp: 0xccc028d4 Exception code: 0xc00000fd Fault offset: 0x000000000000f578 Faulting process id: 0x5504 Faulting application start time: 0x1DCF9B4D8F97BE7 Faulting application path: C:\Program Files\Electronic Arts\EA Desktop\EA Desktop\EALocalHostSvc.exe Faulting module path: C:\windows\SYSTEM32\ntdll.dll Report Id: 52275a80-ab23-4baa-8eda-92ebba5327af Faulting package full name:  Faulting package-relative application ID: 
[2026-06-11 18:15:05] [ERROR] [Application Error] Faulting application name: comet.exe, version: 148.0.7778.1018, time stamp: 0x6a157b06 Faulting module name: chrome.dll, version: 148.0.7778.1018, time stamp: 0x6a157b06 Exception code: 0xc00000fd Fault offset: 0x0000000005516037 Faulting process id: 0x6560 Faulting application start time: 0x1DCF9B4DC4F2D41 Faulting application path: C:\Users\Carlos\AppData\Local\Perplexity\Comet\Application\comet.exe Faulting module path: C:\Users\Carlos\AppData\Local\Perplexity\Comet\Application\148.0.7778.1018\chrome.dll Report Id: 6f7492bf-f38c-4e7c-b36e-a4ce4c90a544 Faulting package full name:  Faulting package-relative application ID: 
[2026-06-11 18:15:03] [WARNING] [stornvme] The driver failed to allocate memory.
[2026-06-11 18:15:00] [ERROR] [Microsoft-Windows-FilterManager] Filter Manager failed to attach to volume '\Device\Harddisk1\DR1'.  This volume will be unavailable for filtering until a reboot.  The final status was 0xC0000017.
[2026-06-11 18:15:00] [ERROR] [Microsoft-Windows-FilterManager] Filter Manager failed to attach to volume '\Device\Harddisk1\DR1'.  This volume will be unavailable for filtering until a reboot.  The final status was 0xC0000017.
[2026-06-11 18:14:16] [ERROR] [Service Control Manager] The Microsoft Defender Antivirus Network Inspection Service service terminated unexpectedly.  It has done this 1 time(s).  The following corrective action will be taken in 60000 milliseconds: Restart the service.
[2026-06-11 18:14:10] [WARNING] [Microsoft-Windows-Resource-Exhaustion-Detector] Windows successfully diagnosed a low virtual memory condition. The following programs consumed the most virtual memory: node.exe (14084) consumed 67342274560 bytes, LM Studio.exe (7640) consumed 45193646080 bytes, and vmmemWSL (21600) consumed 11555991552 bytes.
[2026-06-11 18:13:55] [ERROR] [Application Error] Faulting application name: NisSrv.exe, version: 4.18.26050.15, time stamp: 0x30eb81ef Faulting module name: NisSrv.exe, version: 4.18.26050.15, time stamp: 0x30eb81ef Exception code: 0xc0000409 Fault offset: 0x000000000017a9f9 Faulting process id: 0x2638 Faulting application start time: 0x1DCF8E056567EE3 Faulting application path: C:\ProgramData\Microsoft\Windows Defender\Platform\4.18.26050.15-0\NisSrv.exe Faulting module path: C:\ProgramData\Microsoft\Windows Defender\Platform\4.18.26050.15-0\NisSrv.exe Report Id: 39de97c7-3938-4f45-984c-f33ade663419 Faulting package full name:  Faulting package-relative application ID: 
[2026-06-11 18:12:31] [ERROR] [Microsoft-Windows-Perflib] Access to performance data was denied to user "SYSTEM" (value from GetUserName() for the running thread) as attempted from module "C:\Program Files (x86)\Samsung\Samsung Magician\SamsungMagicianSVC.exe" (value from GetModuleFileName() for the binary that issued the query).
[2026-06-17 22:04:44] [WARNING] [Microsoft-Windows-DistributedCOM] The application-specific permission settings do not grant Local Activation permission for the COM Server application with CLSID  {00000000-0000-0000-0000-000000000000}  and APPID  {4839DDB7-58C2-48F5-8283-E1D1807D0D7D}  to the user NT AUTHORITY\LOCAL SERVICE SID (S-1-5-19) from address LocalHost (Using LRPC) running in the application container Unavailable SID (Unavailable). This security permission can be modified using the Component Services administrative tool.
[2026-06-17 22:04:44] [WARNING] [Microsoft-Windows-DistributedCOM] The application-specific permission settings do not grant Local Activation permission for the COM Server application with CLSID  {00000000-0000-0000-0000-000000000000}  and APPID  {4839DDB7-58C2-48F5-8283-E1D1807D0D7D}  to the user NT AUTHORITY\LOCAL SERVICE SID (S-1-5-19) from address LocalHost (Using LRPC) running in the application container Unavailable SID (Unavailable). This security permission can be modified using the Component Services administrative tool.
[2026-06-17 22:04:33] [WARNING] [Microsoft-Windows-DistributedCOM] The application-specific permission settings do not grant Local Activation permission for the COM Server application with CLSID  {9EA82395-E31B-41CA-8DF7-EC1CEE7194DF}  and APPID  {2ED83BAA-B2FD-43B1-99BF-E6149C622692}  to the user NT AUTHORITY\NETWORK SERVICE SID (S-1-5-20) from address LocalHost (Using LRPC) running in the application container Unavailable SID (Unavailable). This security permission can be modified using the Component Services administrative tool.
[2026-06-17 22:04:33] [WARNING] [nssm] Registry key AppDirectory is unset for service ProcessMonitor. Assuming startup directory C:\windows.
[2026-06-17 22:04:27] [WARNING] [Microsoft-Windows-Kernel-PnP] The driver \Driver\WUDFRd failed to load. Device: USB\VID_2808&PID_5955\6&183efd69&0&4 Status: 0xC0000365
[2026-06-17 22:04:23] [ERROR] [Application Popup] No message string available.
[2026-06-17 22:04:22] [ERROR] [Microsoft-Windows-Kernel-Boot] The virtualization-based security enablement policy check at phase 3 failed with status: Secure Boot is not enabled on this machine.
[2026-06-17 22:04:22] [WARNING] [Microsoft-Windows-Kernel-Boot] Virtualization-based security (policies: Secure Boot,Iommu Protection,Mmio Nx,Strong MSR Filtering,Boot Chain Signer Soft Enforced,Measured Launch) is disabled due to secure boot being disabled with status: The request is not supported.
[2026-06-17 22:04:11] [WARNING] [nssm] Service GeekomBot ran for less than 1500 milliseconds. Restart will be delayed by 5000 milliseconds.
[2026-06-17 22:04:11] [WARNING] [nssm] Registry key AppDirectory is unset for service ProcessMonitor. Assuming startup directory C:\windows.
[2026-06-17 22:04:09] [ERROR] [Microsoft-Windows-DistributedCOM] The server {740FE937-01F7-4482-AA62-C83F0AD3D6D0} did not register with DCOM within the required timeout.
[2026-06-17 22:04:09] [ERROR] [Microsoft-Windows-DistributedCOM] The server {740FE937-01F7-4482-AA62-C83F0AD3D6D0} did not register with DCOM within the required timeout.
[2026-06-17 22:04:09] [ERROR] [Microsoft-Windows-DistributedCOM] The server {6FA05A24-B1DF-4155-909E-7B424F2D2BB5} did not register with DCOM within the required timeout.
[2026-06-17 22:04:09] [ERROR] [Microsoft-Windows-DistributedCOM] The server {6FA05A24-B1DF-4155-909E-7B424F2D2BB5} did not register with DCOM within the required timeout.
[2026-06-17 22:04:09] [ERROR] [Microsoft-Windows-DistributedCOM] The server {6FA05A24-B1DF-4155-909E-7B424F2D2BB5} did not register with DCOM within the required timeout.
[2026-06-20 13:07:21] [ERROR] [windows_exporter] source=main.go:166 msg="couldn't enable collectors" err="unknown collector cs"
[2026-06-20 13:07:21] [ERROR] [Service Control Manager] The windows_exporter service terminated unexpectedly.  It has done this 1 time(s).  The following corrective action will be taken in 60000 milliseconds: Restart the service.
[2026-06-20 13:07:21] [ERROR] [Service Control Manager] The windows_exporter service terminated with the following service-specific error:  Incorrect function.
[2026-06-20 13:06:21] [ERROR] [Service Control Manager] The windows_exporter service terminated unexpectedly.  It has done this 1 time(s).  The following corrective action will be taken in 60000 milliseconds: Restart the service.
[2026-06-20 13:06:21] [ERROR] [Service Control Manager] The windows_exporter service terminated with the following service-specific error:  Incorrect function.
[2026-06-20 13:06:21] [ERROR] [windows_exporter] source=main.go:166 msg="couldn't enable collectors" err="unknown collector cs"
[2026-06-20 13:05:21] [ERROR] [windows_exporter] source=main.go:166 msg="couldn't enable collectors" err="unknown collector cs"
[2026-06-20 13:05:21] [ERROR] [Service Control Manager] The windows_exporter service terminated unexpectedly.  It has done this 1 time(s).  The following corrective action will be taken in 60000 milliseconds: Restart the service.
[2026-06-20 13:05:21] [ERROR] [Service Control Manager] The windows_exporter service terminated with the following service-specific error:  Incorrect function.
[2026-06-20 13:04:21] [ERROR] [Service Control Manager] The windows_exporter service terminated unexpectedly.  It has done this 1 time(s).  The following corrective action will be taken in 60000 milliseconds: Restart the service.
[2026-06-20 13:04:21] [ERROR] [Service Control Manager] The windows_exporter service terminated with the following service-specific error:  Incorrect function.
[2026-06-20 13:04:21] [ERROR] [windows_exporter] source=main.go:166 msg="couldn't enable collectors" err="unknown collector cs"
[2026-06-20 13:03:21] [ERROR] [windows_exporter] source=main.go:166 msg="couldn't enable collectors" err="unknown collector cs"
[2026-06-20 13:03:21] [ERROR] [Service Control Manager] The windows_exporter service terminated unexpectedly.  It has done this 1 time(s).  The following corrective action will be taken in 60000 milliseconds: Restart the service.
[2026-06-20 13:03:21] [ERROR] [Service Control Manager] The windows_exporter service terminated with the following service-specific error:  Incorrect function.
[2026-06-20 13:02:20] [ERROR] [Service Control Manager] The windows_exporter service terminated unexpectedly.  It has done this 1 time(s).  The following corrective action will be taken in 60000 milliseconds: Restart the service.
[2026-06-20 13:02:20] [ERROR] [Service Control Manager] The windows_exporter service terminated with the following service-specific error:  Incorrect function.
[2026-06-20 13:02:20] [ERROR] [windows_exporter] source=main.go:166 msg="couldn't enable collectors" err="unknown collector cs"
[2026-06-20 13:07:21] [ERROR] [windows_exporter] source=main.go:166 msg="couldn't enable collectors" err="unknown collector cs"
[2026-06-20 13:07:21] [ERROR] [Service Control Manager] The windows_exporter service terminated unexpectedly.  It has done this 1 time(s).  The following corrective action will be taken in 60000 milliseconds: Restart the service.
[2026-06-20 13:07:21] [ERROR] [Service Control Manager] The windows_exporter service terminated with the following service-specific error:  Incorrect function.
[2026-06-20 13:06:21] [ERROR] [Service Control Manager] The windows_exporter service terminated unexpectedly.  It has done this 1 time(s).  The following corrective action will be taken in 60000 milliseconds: Restart the service.
[2026-06-20 13:06:21] [ERROR] [Service Control Manager] The windows_exporter service terminated with the following service-specific error:  Incorrect function.
[2026-06-20 13:06:21] [ERROR] [windows_exporter] source=main.go:166 msg="couldn't enable collectors" err="unknown collector cs"
[2026-06-20 13:05:21] [ERROR] [windows_exporter] source=main.go:166 msg="couldn't enable collectors" err="unknown collector cs"
[2026-06-20 13:05:21] [ERROR] [Service Control Manager] The windows_exporter service terminated unexpectedly.  It has done this 1 time(s).  The following corrective action will be taken in 60000 milliseconds: Restart the service.
[2026-06-20 13:05:21] [ERROR] [Service Control Manager] The windows_exporter service terminated with the following service-specific error:  Incorrect function.
[2026-06-20 13:04:21] [ERROR] [Service Control Manager] The windows_exporter service terminated unexpectedly.  It has done this 1 time(s).  The following corrective action will be taken in 60000 milliseconds: Restart the service.
[2026-06-20 13:04:21] [ERROR] [Service Control Manager] The windows_exporter service terminated with the following service-specific error:  Incorrect function.
[2026-06-20 13:04:21] [ERROR] [windows_exporter] source=main.go:166 msg="couldn't enable collectors" err="unknown collector cs"
[2026-06-20 13:03:21] [ERROR] [windows_exporter] source=main.go:166 msg="couldn't enable collectors" err="unknown collector cs"
[2026-06-20 13:03:21] [ERROR] [Service Control Manager] The windows_exporter service terminated unexpectedly.  It has done this 1 time(s).  The following corrective action will be taken in 60000 milliseconds: Restart the service.
[2026-06-20 13:03:21] [ERROR] [Service Control Manager] The windows_exporter service terminated with the following service-specific error:  Incorrect function.
[2026-06-20 13:02:20] [ERROR] [Service Control Manager] The windows_exporter service terminated unexpectedly.  It has done this 1 time(s).  The following corrective action will be taken in 60000 milliseconds: Restart the service.
[2026-06-20 13:02:20] [ERROR] [Service Control Manager] The windows_exporter service terminated with the following service-specific error:  Incorrect function.
[2026-06-20 13:02:20] [ERROR] [windows_exporter] source=main.go:166 msg="couldn't enable collectors" err="unknown collector cs"
[2026-06-20 13:09:21] [ERROR] [Service Control Manager] The windows_exporter service terminated unexpectedly.  It has done this 1 time(s).  The following corrective action will be taken in 60000 milliseconds: Restart the service.
[2026-06-20 13:09:21] [ERROR] [Service Control Manager] The windows_exporter service terminated with the following service-specific error:  Incorrect function.
[2026-06-20 13:09:21] [ERROR] [windows_exporter] source=main.go:166 msg="couldn't enable collectors" err="unknown collector cs"
[2026-06-20 13:08:21] [ERROR] [Service Control Manager] The windows_exporter service terminated unexpectedly.  It has done this 1 time(s).  The following corrective action will be taken in 60000 milliseconds: Restart the service.
[2026-06-20 13:08:21] [ERROR] [Service Control Manager] The windows_exporter service terminated with the following service-specific error:  Incorrect function.
[2026-06-20 13:08:21] [ERROR] [windows_exporter] source=main.go:166 msg="couldn't enable collectors" err="unknown collector cs"
[2026-06-20 13:07:21] [ERROR] [windows_exporter] source=main.go:166 msg="couldn't enable collectors" err="unknown collector cs"
[2026-06-20 13:07:21] [ERROR] [Service Control Manager] The windows_exporter service terminated unexpectedly.  It has done this 1 time(s).  The following corrective action will be taken in 60000 milliseconds: Restart the service.
[2026-06-20 13:07:21] [ERROR] [Service Control Manager] The windows_exporter service terminated with the following service-specific error:  Incorrect function.
[2026-06-20 13:06:21] [ERROR] [Service Control Manager] The windows_exporter service terminated unexpectedly.  It has done this 1 time(s).  The following corrective action will be taken in 60000 milliseconds: Restart the service.
[2026-06-20 13:06:21] [ERROR] [Service Control Manager] The windows_exporter service terminated with the following service-specific error:  Incorrect function.
[2026-06-20 13:06:21] [ERROR] [windows_exporter] source=main.go:166 msg="couldn't enable collectors" err="unknown collector cs"
[2026-06-20 13:05:21] [ERROR] [windows_exporter] source=main.go:166 msg="couldn't enable collectors" err="unknown collector cs"
[2026-06-20 13:05:21] [ERROR] [Service Control Manager] The windows_exporter service terminated unexpectedly.  It has done this 1 time(s).  The following corrective action will be taken in 60000 milliseconds: Restart the service.
[2026-06-20 13:05:21] [ERROR] [Service Control Manager] The windows_exporter service terminated with the following service-specific error:  Incorrect function.
[2026-06-20 13:04:21] [ERROR] [Service Control Manager] The windows_exporter service terminated unexpectedly.  It has done this 1 time(s).  The following corrective action will be taken in 60000 milliseconds: Restart the service.
[2026-06-20 13:04:21] [ERROR] [Service Control Manager] The windows_exporter service terminated with the following service-specific error:  Incorrect function.
[2026-06-20 13:04:21] [ERROR] [windows_exporter] source=main.go:166 msg="couldn't enable collectors" err="unknown collector cs"
[2026-06-20 13:12:23] [ERROR] [windows_exporter] source=main.go:166 msg="couldn't enable collectors" err="unknown collector cs"
[2026-06-20 13:12:23] [ERROR] [Service Control Manager] The windows_exporter service terminated unexpectedly.  It has done this 1 time(s).  The following corrective action will be taken in 60000 milliseconds: Restart the service.
[2026-06-20 13:12:23] [ERROR] [Service Control Manager] The windows_exporter service terminated with the following service-specific error:  Incorrect function.
[2026-06-20 13:11:23] [ERROR] [Service Control Manager] The windows_exporter service terminated unexpectedly.  It has done this 1 time(s).  The following corrective action will be taken in 60000 milliseconds: Restart the service.
[2026-06-20 13:11:23] [ERROR] [Service Control Manager] The windows_exporter service terminated with the following service-specific error:  Incorrect function.
[2026-06-20 13:11:23] [ERROR] [windows_exporter] source=main.go:166 msg="couldn't enable collectors" err="unknown collector cs"
[2026-06-20 13:10:23] [ERROR] [windows_exporter] source=main.go:166 msg="couldn't enable collectors" err="unknown collector cs"
[2026-06-20 13:10:23] [ERROR] [Service Control Manager] The windows_exporter service terminated unexpectedly.  It has done this 1 time(s).  The following corrective action will be taken in 60000 milliseconds: Restart the service.
[2026-06-20 13:10:23] [ERROR] [Service Control Manager] The windows_exporter service terminated with the following service-specific error:  Incorrect function.
[2026-06-20 13:09:21] [ERROR] [Service Control Manager] The windows_exporter service terminated unexpectedly.  It has done this 1 time(s).  The following corrective action will be taken in 60000 milliseconds: Restart the service.
[2026-06-20 13:09:21] [ERROR] [Service Control Manager] The windows_exporter service terminated with the following service-specific error:  Incorrect function.
[2026-06-20 13:09:21] [ERROR] [windows_exporter] source=main.go:166 msg="couldn't enable collectors" err="unknown collector cs"
[2026-06-20 13:08:21] [ERROR] [Service Control Manager] The windows_exporter service terminated unexpectedly.  It has done this 1 time(s).  The following corrective action will be taken in 60000 milliseconds: Restart the service.
[2026-06-20 13:08:21] [ERROR] [Service Control Manager] The windows_exporter service terminated with the following service-specific error:  Incorrect function.
[2026-06-20 13:08:21] [ERROR] [windows_exporter] source=main.go:166 msg="couldn't enable collectors" err="unknown collector cs"
[2026-06-20 13:07:21] [ERROR] [windows_exporter] source=main.go:166 msg="couldn't enable collectors" err="unknown collector cs"
[2026-06-20 13:07:21] [ERROR] [Service Control Manager] The windows_exporter service terminated unexpectedly.  It has done this 1 time(s).  The following corrective action will be taken in 60000 milliseconds: Restart the service.
[2026-06-20 13:07:21] [ERROR] [Service Control Manager] The windows_exporter service terminated with the following service-specific error:  Incorrect function.
[2026-06-20 13:12:23] [ERROR] [windows_exporter] source=main.go:166 msg="couldn't enable collectors" err="unknown collector cs"
[2026-06-20 13:12:23] [ERROR] [Service Control Manager] The windows_exporter service terminated unexpectedly.  It has done this 1 time(s).  The following corrective action will be taken in 60000 milliseconds: Restart the service.
[2026-06-20 13:12:23] [ERROR] [Service Control Manager] The windows_exporter service terminated with the following service-specific error:  Incorrect function.
[2026-06-20 13:11:23] [ERROR] [Service Control Manager] The windows_exporter service terminated unexpectedly.  It has done this 1 time(s).  The following corrective action will be taken in 60000 milliseconds: Restart the service.
[2026-06-20 13:11:23] [ERROR] [Service Control Manager] The windows_exporter service terminated with the following service-specific error:  Incorrect function.
[2026-06-20 13:11:23] [ERROR] [windows_exporter] source=main.go:166 msg="couldn't enable collectors" err="unknown collector cs"
[2026-06-20 13:10:23] [ERROR] [windows_exporter] source=main.go:166 msg="couldn't enable collectors" err="unknown collector cs"
[2026-06-20 13:10:23] [ERROR] [Service Control Manager] The windows_exporter service terminated unexpectedly.  It has done this 1 time(s).  The following corrective action will be taken in 60000 milliseconds: Restart the service.
[2026-06-20 13:10:23] [ERROR] [Service Control Manager] The windows_exporter service terminated with the following service-specific error:  Incorrect function.
[2026-06-20 13:09:21] [ERROR] [Service Control Manager] The windows_exporter service terminated unexpectedly.  It has done this 1 time(s).  The following corrective action will be taken in 60000 milliseconds: Restart the service.
[2026-06-20 13:09:21] [ERROR] [Service Control Manager] The windows_exporter service terminated with the following service-specific error:  Incorrect function.
[2026-06-20 13:09:21] [ERROR] [windows_exporter] source=main.go:166 msg="couldn't enable collectors" err="unknown collector cs"
[2026-06-20 13:08:21] [ERROR] [Service Control Manager] The windows_exporter service terminated unexpectedly.  It has done this 1 time(s).  The following corrective action will be taken in 60000 milliseconds: Restart the service.
[2026-06-20 13:08:21] [ERROR] [Service Control Manager] The windows_exporter service terminated with the following service-specific error:  Incorrect function.
[2026-06-20 13:08:21] [ERROR] [windows_exporter] source=main.go:166 msg="couldn't enable collectors" err="unknown collector cs"
[2026-06-20 13:07:21] [ERROR] [windows_exporter] source=main.go:166 msg="couldn't enable collectors" err="unknown collector cs"
[2026-06-20 13:07:21] [ERROR] [Service Control Manager] The windows_exporter service terminated unexpectedly.  It has done this 1 time(s).  The following corrective action will be taken in 60000 milliseconds: Restart the service.
[2026-06-20 13:07:21] [ERROR] [Service Control Manager] The windows_exporter service terminated with the following service-specific error:  Incorrect function.
[2026-06-20 13:14:23] [ERROR] [windows_exporter] source=main.go:166 msg="couldn't enable collectors" err="unknown collector cs"
[2026-06-20 13:14:23] [ERROR] [Service Control Manager] The windows_exporter service terminated unexpectedly.  It has done this 1 time(s).  The following corrective action will be taken in 60000 milliseconds: Restart the service.
[2026-06-20 13:14:23] [ERROR] [Service Control Manager] The windows_exporter service terminated with the following service-specific error:  Incorrect function.
[2026-06-20 13:13:23] [ERROR] [windows_exporter] source=main.go:166 msg="couldn't enable collectors" err="unknown collector cs"
[2026-06-20 13:13:23] [ERROR] [Service Control Manager] The windows_exporter service terminated unexpectedly.  It has done this 1 time(s).  The following corrective action will be taken in 60000 milliseconds: Restart the service.
[2026-06-20 13:13:23] [ERROR] [Service Control Manager] The windows_exporter service terminated with the following service-specific error:  Incorrect function.
[2026-06-20 13:12:23] [ERROR] [windows_exporter] source=main.go:166 msg="couldn't enable collectors" err="unknown collector cs"
[2026-06-20 13:12:23] [ERROR] [Service Control Manager] The windows_exporter service terminated unexpectedly.  It has done this 1 time(s).  The following corrective action will be taken in 60000 milliseconds: Restart the service.
[2026-06-20 13:12:23] [ERROR] [Service Control Manager] The windows_exporter service terminated with the following service-specific error:  Incorrect function.
[2026-06-20 13:11:23] [ERROR] [Service Control Manager] The windows_exporter service terminated unexpectedly.  It has done this 1 time(s).  The following corrective action will be taken in 60000 milliseconds: Restart the service.
[2026-06-20 13:11:23] [ERROR] [Service Control Manager] The windows_exporter service terminated with the following service-specific error:  Incorrect function.
[2026-06-20 13:11:23] [ERROR] [windows_exporter] source=main.go:166 msg="couldn't enable collectors" err="unknown collector cs"
[2026-06-20 13:10:23] [ERROR] [windows_exporter] source=main.go:166 msg="couldn't enable collectors" err="unknown collector cs"
[2026-06-20 13:10:23] [ERROR] [Service Control Manager] The windows_exporter service terminated unexpectedly.  It has done this 1 time(s).  The following corrective action will be taken in 60000 milliseconds: Restart the service.
[2026-06-20 13:10:23] [ERROR] [Service Control Manager] The windows_exporter service terminated with the following service-specific error:  Incorrect function.
[2026-06-20 13:09:21] [ERROR] [Service Control Manager] The windows_exporter service terminated unexpectedly.  It has done this 1 time(s).  The following corrective action will be taken in 60000 milliseconds: Restart the service.
[2026-06-20 13:09:21] [ERROR] [Service Control Manager] The windows_exporter service terminated with the following service-specific error:  Incorrect function.
[2026-06-20 13:09:21] [ERROR] [windows_exporter] source=main.go:166 msg="couldn't enable collectors" err="unknown collector cs"
[2026-06-20 21:58:31] [WARNING] [Microsoft-Windows-DistributedCOM] The application-specific permission settings do not grant Local Activation permission for the COM Server application with CLSID  {00000000-0000-0000-0000-000000000000}  and APPID  {4839DDB7-58C2-48F5-8283-E1D1807D0D7D}  to the user NT AUTHORITY\LOCAL SERVICE SID (S-1-5-19) from address LocalHost (Using LRPC) running in the application container Unavailable SID (Unavailable). This security permission can be modified using the Component Services administrative tool.
[2026-06-20 21:58:31] [WARNING] [Microsoft-Windows-DistributedCOM] The application-specific permission settings do not grant Local Activation permission for the COM Server application with CLSID  {00000000-0000-0000-0000-000000000000}  and APPID  {4839DDB7-58C2-48F5-8283-E1D1807D0D7D}  to the user NT AUTHORITY\LOCAL SERVICE SID (S-1-5-19) from address LocalHost (Using LRPC) running in the application container Unavailable SID (Unavailable). This security permission can be modified using the Component Services administrative tool.
[2026-06-20 21:58:29] [ERROR] [windows_exporter] source=main.go:166 msg="couldn't enable collectors" err="unknown collector cs"
[2026-06-20 21:58:29] [ERROR] [Service Control Manager] The windows_exporter service terminated unexpectedly.  It has done this 1 time(s).  The following corrective action will be taken in 60000 milliseconds: Restart the service.
[2026-06-20 21:58:29] [ERROR] [Service Control Manager] The windows_exporter service terminated with the following service-specific error:  Incorrect function.
[2026-06-21 22:23:43] [WARNING] [WSL] No message string available.
[2026-06-21 22:23:43] [WARNING] [WSL] No message string available.
[2026-06-21 22:23:43] [WARNING] [WSL] No message string available.
[2026-06-21 22:23:43] [WARNING] [WSL] No message string available.
[2026-06-21 22:23:43] [WARNING] [WSL] No message string available.
[2026-06-21 22:23:43] [WARNING] [WSL] No message string available.
[2026-06-21 22:23:43] [WARNING] [WSL] No message string available.
[2026-06-21 22:23:43] [WARNING] [WSL] No message string available.
[2026-06-21 22:35:04] [WARNING] [Microsoft-Windows-DistributedCOM] The application-specific permission settings do not grant Local Activation permission for the COM Server application with CLSID  {2593F8B9-4EAF-457C-B68A-50F6B8EA6B54}  and APPID  {15C20B67-12E7-4BB6-92BB-7AFF07997402}  to the user A9_MEGA\Carlos SID (S-1-5-21-1362089751-1424623887-115741090-1001) from address LocalHost (Using LRPC) running in the application container Unavailable SID (Unavailable). This security permission can be modified using the Component Services administrative tool.
[2026-06-21 22:35:04] [WARNING] [Microsoft-Windows-DistributedCOM] The application-specific permission settings do not grant Local Activation permission for the COM Server application with CLSID  {2593F8B9-4EAF-457C-B68A-50F6B8EA6B54}  and APPID  {15C20B67-12E7-4BB6-92BB-7AFF07997402}  to the user A9_MEGA\Carlos SID (S-1-5-21-1362089751-1424623887-115741090-1001) from address LocalHost (Using LRPC) running in the application container Unavailable SID (Unavailable). This security permission can be modified using the Component Services administrative tool.
[2026-06-21 22:35:04] [WARNING] [Microsoft-Windows-DistributedCOM] The application-specific permission settings do not grant Local Activation permission for the COM Server application with CLSID  {2593F8B9-4EAF-457C-B68A-50F6B8EA6B54}  and APPID  {15C20B67-12E7-4BB6-92BB-7AFF07997402}  to the user A9_MEGA\Carlos SID (S-1-5-21-1362089751-1424623887-115741090-1001) from address LocalHost (Using LRPC) running in the application container Unavailable SID (Unavailable). This security permission can be modified using the Component Services administrative tool.
[2026-06-21 22:35:04] [WARNING] [Microsoft-Windows-DistributedCOM] The application-specific permission settings do not grant Local Activation permission for the COM Server application with CLSID  {2593F8B9-4EAF-457C-B68A-50F6B8EA6B54}  and APPID  {15C20B67-12E7-4BB6-92BB-7AFF07997402}  to the user A9_MEGA\Carlos SID (S-1-5-21-1362089751-1424623887-115741090-1001) from address LocalHost (Using LRPC) running in the application container Unavailable SID (Unavailable). This security permission can be modified using the Component Services administrative tool.
[2026-06-21 23:20:12] [WARNING] [VBScriptDeprecationAlert] No message string available.
[2026-06-21 23:20:12] [WARNING] [VBScriptDeprecationAlert] No message string available.
[2026-07-04 10:36:16] [WARNING] [Microsoft-Windows-DistributedCOM] The application-specific permission settings do not grant Local Activation permission for the COM Server application with CLSID  {00000000-0000-0000-0000-000000000000}  and APPID  {4839DDB7-58C2-48F5-8283-E1D1807D0D7D}  to the user NT AUTHORITY\LOCAL SERVICE SID (S-1-5-19) from address LocalHost (Using LRPC) running in the application container Unavailable SID (Unavailable). This security permission can be modified using the Component Services administrative tool.
[2026-07-04 10:36:16] [WARNING] [Microsoft-Windows-DistributedCOM] The application-specific permission settings do not grant Local Activation permission for the COM Server application with CLSID  {00000000-0000-0000-0000-000000000000}  and APPID  {4839DDB7-58C2-48F5-8283-E1D1807D0D7D}  to the user NT AUTHORITY\LOCAL SERVICE SID (S-1-5-19) from address LocalHost (Using LRPC) running in the application container Unavailable SID (Unavailable). This security permission can be modified using the Component Services administrative tool.
[2026-07-04 10:36:15] [WARNING] [nssm] Service ContainerWatchdog ran for less than 1500 milliseconds. Restart will be delayed by 128000 milliseconds.
[2026-07-04 10:36:15] [WARNING] [nssm] Service RAGWatcher ran for less than 1500 milliseconds. Restart will be delayed by 128000 milliseconds.
[2026-07-04 10:36:15] [WARNING] [nssm] Registry key AppDirectory is unset for service ContainerWatchdog. Assuming startup directory C:\windows.
[2026-07-04 10:36:15] [WARNING] [nssm] Registry key AppDirectory is unset for service RAGWatcher. Assuming startup directory C:\windows.
